<?xml version="1.0" encoding="utf-8"?><testsuites><testsuite name="pytest" errors="0" failures="0" skipped="0" tests="4" time="13.419" timestamp="2022-11-11T12:27:44.180288" hostname="QGWG46QG5C"><testcase classname="tests.open_source.test_runs" name="test_run_basic" time="4.003" /><testcase classname="tests.open_source.test_runs" name="test_run_with_source_tags" time="1.717" /><testcase classname="tests.open_source.test_runs" name="test_run_basic_use_metric_steps" time="2.335" /><testcase classname="tests.open_source.test_runs" name="test_model_predictions" time="1.659" /></testsuite></testsuites>