<?xml version="1.0" encoding="utf-8"?><testsuites><testsuite name="pytest" errors="0" failures="0" skipped="0" tests="7" time="194.719" timestamp="2022-11-11T10:18:54.065920" hostname="QGWG46QG5C"><testcase classname="tests.databricks.test_basic" name="test_train_model" time="21.670" /><testcase classname="tests.databricks.test_basic" name="test_export_run" time="22.737" /><testcase classname="tests.databricks.test_basic" name="test_import_run" time="27.451" /><testcase classname="tests.databricks.test_basic" name="test_export_experiment_job" time="23.930" /><testcase classname="tests.databricks.test_basic" name="test_import_experiment_job" time="24.855" /><testcase classname="tests.databricks.test_basic" name="test_export_model" time="25.961" /><testcase classname="tests.databricks.test_basic" name="test_import_model_job" time="41.245" /></testsuite></testsuites>